<?xml version="1.0" encoding="UTF-8"?>
<testng-results ignored="0" total="1" passed="1" failed="0" skipped="0">
  <reporter-output>
  </reporter-output>
  <suite started-at="2022-05-09T15:34:01 IST" name="Default suite" finished-at="2022-05-09T15:34:01 IST" duration-ms="93">
    <groups>
    </groups>
    <test started-at="2022-05-09T15:34:01 IST" name="Default test" finished-at="2022-05-09T15:34:01 IST" duration-ms="93">
      <class name="MavenProjectExample.ReadingFromCommandLineTest">
        <test-method signature="ReadingDataTest()[pri:0, instance:MavenProjectExample.ReadingFromCommandLineTest@1e04fa0a]" started-at="2022-05-09T15:34:01 IST" name="ReadingDataTest" finished-at="2022-05-09T15:34:01 IST" duration-ms="16" status="PASS">
          <reporter-output>
          </reporter-output>
        </test-method> <!-- ReadingDataTest -->
      </class> <!-- MavenProjectExample.ReadingFromCommandLineTest -->
    </test> <!-- Default test -->
  </suite> <!-- Default suite -->
</testng-results>
